C:\USERS\Администратор\DOCUMENTS\VISUAL STUDIO 2012\PROJECTS\REZKPS\REZKPS\DEBUG\MYFORM.OBJ
C:\USERS\АДМИНИСТРАТОР\DOCUMENTS\VISUAL STUDIO 2012\PROJECTS\REZKPS\REZKPS\DEBUG\VC110.PDB
C:\USERS\Администратор\DOCUMENTS\VISUAL STUDIO 2012\PROJECTS\REZKPS\DEBUG\REZKPS.ILK
C:\USERS\Администратор\DOCUMENTS\VISUAL STUDIO 2012\PROJECTS\REZKPS\DEBUG\REZKPS.EXE
C:\USERS\АДМИНИСТРАТОР\DOCUMENTS\VISUAL STUDIO 2012\PROJECTS\REZKPS\DEBUG\REZKPS.PDB
C:\USERS\АДМИНИСТРАТОР\DOCUMENTS\VISUAL STUDIO 2012\PROJECTS\REZKPS\REZKPS\DEBUG\METAGEN.WRITE.1.TLOG
C:\Users\Администратор\documents\visual studio 2012\Projects\RezKPS\RezKPS\Debug\RezKPS.MyForm.resources
C:\Users\Администратор\documents\visual studio 2012\Projects\RezKPS\RezKPS\Debug\RezKPS.vcxproj.GenerateResource.Cache
C:\Users\Администратор\documents\visual studio 2012\Projects\RezKPS\RezKPS\Debug\MyForm.obj
C:\Users\Администратор\documents\visual studio 2012\Projects\RezKPS\RezKPS\Debug\cl.command.1.tlog
C:\Users\Администратор\documents\visual studio 2012\Projects\RezKPS\RezKPS\Debug\CL.read.1.tlog
C:\Users\Администратор\documents\visual studio 2012\Projects\RezKPS\RezKPS\Debug\CL.write.1.tlog
C:\Users\Администратор\documents\visual studio 2012\Projects\RezKPS\RezKPS\Debug\link.1220-cvtres.read.1.tlog
C:\Users\Администратор\documents\visual studio 2012\Projects\RezKPS\RezKPS\Debug\link.1220-cvtres.write.1.tlog
C:\Users\Администратор\documents\visual studio 2012\Projects\RezKPS\RezKPS\Debug\link.1220-rc.read.1.tlog
C:\Users\Администратор\documents\visual studio 2012\Projects\RezKPS\RezKPS\Debug\link.1220-rc.write.1.tlog
C:\Users\Администратор\documents\visual studio 2012\Projects\RezKPS\RezKPS\Debug\link.1220.read.1.tlog
C:\Users\Администратор\documents\visual studio 2012\Projects\RezKPS\RezKPS\Debug\link.1220.write.1.tlog
C:\Users\Администратор\documents\visual studio 2012\Projects\RezKPS\RezKPS\Debug\link.command.1.tlog
C:\Users\Администратор\documents\visual studio 2012\Projects\RezKPS\RezKPS\Debug\link.read.1.tlog
C:\Users\Администратор\documents\visual studio 2012\Projects\RezKPS\RezKPS\Debug\link.write.1.tlog
C:\Users\Администратор\documents\visual studio 2012\Projects\RezKPS\RezKPS\Debug\metagen.read.1.tlog
C:\Users\Администратор\documents\visual studio 2012\Projects\RezKPS\RezKPS\Debug\metagen.write.1.tlog
C:\Users\Администратор\documents\visual studio 2012\Projects\RezKPS\RezKPS\Debug\RezKPS.write.1.tlog
C:\Users\Администратор\documents\visual studio 2012\Projects\RezKPS\RezKPS\Debug\vc110.pdb
C:\Users\Администратор\documents\visual studio 2012\Projects\RezKPS\RezKPS\Debug\MICROSOFT.VISUALBASIC.POWERPACKS.VS.DLL.metagen
C:\Users\Администратор\documents\visual studio 2012\Projects\RezKPS\RezKPS\Debug\RSAENH.DLL.bi
C:\Users\Администратор\documents\visual studio 2012\Projects\RezKPS\RezKPS\Debug\TZRES.DLL.bi
C:\Users\Администратор\documents\visual studio 2012\Projects\RezKPS\Debug\RezKPS.pdb
C:\Users\Администратор\documents\visual studio 2012\Projects\RezKPS\Debug\RezKPS.exe
C:\Users\Администратор\documents\visual studio 2012\Projects\RezKPS\Debug\RezKPS.ilk
